make.exe all --print-data-base --no-builtin-variables --no-builtin-rules --question
# GNU Make 4.2.1
# Built for x86_64-w64-mingw32
# Copyright (C) 1988-2016 Free Software Foundation, Inc.
# License GPLv3+: GNU GPL version 3 or later <http://gnu.org/licenses/gpl.html>
# This is free software: you are free to change and redistribute it.
# There is NO WARRANTY, to the extent permitted by law.
 

# Make data base, printed on Thu Apr 14 10:16:52 2022

# Variables

# 'override' directive
GNUMAKEFLAGS := 
# automatic
<D = $(patsubst %/,%,$(patsubst %\,%,$(dir $<)))
# automatic
?F = $(notdir $?)
# environment
VECTORCAST_DIR = C:\VCAST
# default
.SHELLFLAGS := -c
# makefile
MAKEFLAGS = pqrR
# environment
VSCODE_LOG_NATIVE = false
# automatic
?D = $(patsubst %/,%,$(patsubst %\,%,$(dir $?)))
# makefile (from 'make_settings.mk', line 34)
PROJECT_DIR = D:/Codes/c/socketdll
# automatic
@D = $(patsubst %/,%,$(patsubst %\,%,$(dir $@)))
# environment
HOMEDRIVE = C:
# automatic
@F = $(notdir $@)
# automatic
^D = $(patsubst %/,%,$(patsubst %\,%,$(dir $^)))
# makefile
CURDIR := d:/Codes/c/socketdll
# default
SHELL := sh.exe
# environment
WINDIR = C:\Windows
# environment
VSCODE_NLS_CONFIG = {"locale":"en","availableLanguages":{},"_languagePackSupport":true}
# environment
FP_NO_HOST_CHECK = NO
# environment
PYCHARM COMMUNITY EDITION = C:\Program Files\JetBrains\PyCharm Community Edition 2021.3.2\bin;
# makefile (from 'Makefile', line 61)
CFLAGS = $(strip $(X86_CFLAGS))
# makefile (from 'make_settings.mk', line 45)
SRC_OBJ_DIR = $(PROJECT_DIR)/Build/Obj
# environment
PATHEXT = .COM;.EXE;.BAT;.CMD;.VBS;.VBE;.JS;.JSE;.WSF;.WSH;.MSC
# makefile (from 'make_settings.mk', line 1)
MAKEFILE_LIST :=  Makefile make_settings.mk
# makefile (from 'Makefile', line 45)
DEBUG = 1   
# environment
TMP = C:\Users\S0887165\AppData\Local\Temp
# makefile (from 'Makefile', line 39)
OBJ_DIR = $(SRC_OBJ_DIR)
# environment
VSCODE_VERBOSE_LOGGING = true
# makefile (from 'make_settings.mk', line 52)
CC = $(INSTALL_DIR)/bin/gcc.exe
# environment
PROGRAMW6432 = C:\Program Files
# environment
VS100COMNTOOLS = c:\Program Files (x86)\Microsoft Visual Studio 10.0\Common7\Tools\
# environment
PROGRAMDATA = C:\ProgramData
# environment
VSCODE_IPC_HOOK_EXTHOST = \\.\pipe\vscode-ipc-226b8b42-4507-473c-baa6-9bbadc764fcd-sock
# environment
VSCODE_CWD = D:\Codes\c
# makefile (from 'make_settings.mk', line 37)
INSTALL_DIR = C:/Program Files/mingw64
# default
MAKE_HOST := x86_64-w64-mingw32
# makefile (from 'Makefile', line 72)
OBJ_FILES = $(wildcard $(OBJ_DIR)/*.o)
# environment
PATH = C:\Windows\system32;C:\Windows;C:\Windows\System32\Wbem;C:\Windows\System32\WindowsPowerShell\v1.0\;C:\Program Files (x86)\Vector CANdb++ 3.1\Exec32;C:\Program Files\TortoiseSVN\bin;C:\Program Files\dotnet\;C:\Program Files\Git\cmd;C:\Program Files\nodejs;C:\Program Files (x86)\Microsoft SQL Server\100\Tools\Binn\;C:\Program Files\Microsoft SQL Server\100\Tools\Binn\;C:\Program Files\Microsoft SQL Server\100\DTS\Binn\;C:\Program Files\010 Editor;C:\Program Files (x86)\GNU Arm Embedded Toolchain\10 2020-q4-major\bin;C:\Users\S0887165\AppData\Local\Programs\Python\Python38\Scripts\;C:\Users\S0887165\AppData\Local\Programs\Python\Python38\;C:\Users\S0887165\AppData\Local\hyper\app-3.0.2\resources\bin;C:\Users\S0887165\AppData\Local\Programs\Microsoft VS Code\bin;C:\Program Files\Chez Scheme 9.5.4\bin\ta6nt;C:\Program Files\Racket;C:\Keil_v5\ARM\ARMCC\bin;C:\Program Files\OpenOCD-20201228-0.10.0\bin;C:\Program Files\JetBrains\PyCharm Community Edition 2021.3.2\bin;;C:\Program Files\mingw64\bin
# makefile (from 'Makefile', line 46)
RUNTIME = 0
# environment
COMMONPROGRAMW6432 = C:\Program Files\Common Files
# makefile (from 'make_settings.mk', line 88)
IMAGE_SRC = main
# environment
NIEXTCCOMPILERSUPP = C:\Program Files (x86)\National Instruments\Shared\ExternalCompilerSupport\C\
# environment
LC_ALL = C
# environment
PROCESSOR_ARCHITECTURE = AMD64
# makefile (from 'make_settings.mk', line 62)
PROJECT = SOCKETDLL
# environment
USERPROFILE = C:\Users\S0887165
# environment
ALLUSERSPROFILE = C:\ProgramData
# makefile (from 'make_settings.mk', line 81)
GEN_DIR = $(PROJECT_DIR)/Build/Gen
# environment
VSCODE_LOG_STACK = false
# makefile (from 'make_settings.mk', line 69)
APPL_SRC_DIRS = $(SRC_DIR)/main $(SRC_DIR)/socket
# environment
NUMBER_OF_PROCESSORS = 8
# environment
ELECTRON_RUN_AS_NODE = 1
# makefile (from 'Makefile', line 64)
LDFLAGS = $(strip $(X86_LDFLAGS))
# default
.FEATURES := target-specific order-only second-expansion else-if shortest-stem undefine oneshell archives jobserver output-sync
# makefile (from 'Makefile', line 40)
MODULES = $(APPL_SRC_DIRS)
# automatic
%F = $(notdir $%)
# environment
CHROME_CRASHPAD_PIPE_NAME = \\.\pipe\crashpad_9996_UMKEGBGJMLKGOKTO
# makefile (from 'Makefile', line 42)
IMAGE = $(IMAGE_SRC)
# makefile (from 'make_settings.mk', line 43)
WORKING_DIR = $(shell $(PWD))
# environment
VSCODE_PIPE_LOGGING = true
# environment
COMPUTERNAME = M7073PQQ
# environment
PROGRAMFILES = C:\Program Files
# default
.LOADED := 
# environment
USERDNSDOMAIN = O-FILM.COM
# automatic
*D = $(patsubst %/,%,$(patsubst %\,%,$(dir $*)))
# environment
ORIGINAL_XDG_CURRENT_DESKTOP = undefined
# environment
USERNAME = S0887165
# environment
MGLS_LICENSE_FILE = 1717@M7073PQQ
# environment
PUBLIC = C:\Users\Public
# environment
VSCODE_AMD_ENTRYPOINT = vs/workbench/api/node/extensionHostProcess
# environment
VSCODE_CLI = 1
# environment
VSCODE_CODE_CACHE_PATH = C:\Users\S0887165\AppData\Roaming\Code\CachedData\dfd34e8260c270da74b5c2d86d61aee4b6d56977
# environment
APPLICATION_INSIGHTS_NO_DIAGNOSTIC_CHANNEL = true
# environment
COMMONPROGRAMFILES = C:\Program Files\Common Files
# environment
LOGONSERVER = \\ADNCSP01
# environment
VSCODE_HANDLES_UNCAUGHT_ERRORS = true
# environment
USERDOMAIN = O-FILM
# environment
MAKELEVEL := 0
# makefile (from 'make_settings.mk', line 54)
MAKE = make
# default
MAKECMDGOALS := all
# environment
LOCAL_GIT_DIRECTORY = C:\Users\S0887165\AppData\Local\GitHubDesktop\app-2.9.13\resources\app\git
# makefile (from 'make_settings.mk', line 49)
AS = $(INSTALL_DIR)/bin/as.exe
# default
MAKE_VERSION := 4.2.1
# makefile (from 'Makefile', line 60)
X86_CFLAGS = -mthreads -fforce-addr -g  $(addprefix -I, $(APPL_INC_DIRS)) 
# makefile
.DEFAULT_GOAL := all
# makefile (from 'Makefile', line 41)
OBJPATH = $(SRC_OBJ_DIR)
# environment
PROGRAMFILES(X86) = C:\Program Files (x86)
# automatic
%D = $(patsubst %/,%,$(patsubst %\,%,$(dir $%)))
# environment
CANOE_INSTALLDIR64 = C:\Program Files\Vector CANoe 14__2\Exec64\
# environment
LOCALAPPDATA = C:\Users\S0887165\AppData\Local
# environment
PSMODULEPATH = C:\Windows\system32\WindowsPowerShell\v1.0\Modules\
# default
MAKE_COMMAND := make.exe
# default
.VARIABLES := 
# automatic
*F = $(notdir $*)
# environment
PROCESSOR_IDENTIFIER = Intel64 Family 6 Model 94 Stepping 3, GenuineIntel
# environment
OS = Windows_NT
# environment
VSCODE_IPC_HOOK = \\.\pipe\ceaa057d9a1278ed38a28bc00122c877-1.66.2-main-sock
# environment
HOMEPATH = \Users\S0887165
# environment
COMMONPROGRAMFILES(X86) = C:\Program Files (x86)\Common Files
# environment
PROMPT = $P$G
# environment
MFLAGS = -pqrR
# environment
CANOE_INSTALLDIR = C:\Program Files\Vector CANoe 14__2\Exec64\
# environment
SYSTEMROOT = C:\Windows
# automatic
+D = $(patsubst %/,%,$(patsubst %\,%,$(dir $+)))
# makefile (from 'make_settings.mk', line 73)
APPL_INC_DIRS = $(LIB_INC_DIR) $(SRC_DIR)/socket $(SRC_DIR)/main 
# automatic
+F = $(notdir $+)
# environment
WINDOWS_TRACING_LOGFILE = C:\BVTBin\Tests\installpackage\csilogfile.log
# environment
APPDATA = C:\Users\S0887165\AppData\Roaming
# environment
TEMP = C:\Users\S0887165\AppData\Local\Temp
# environment
COMSPEC = C:\Windows\system32\cmd.exe
# default
MAKEFILES := 
# makefile (from 'make_settings.mk', line 46)
SRC_DIR = $(PROJECT_DIR)/Source
# automatic
<F = $(notdir $<)
# makefile (from 'Makefile', line 63)
X86_LDFLAGS = $(strip $(OBJ_FILES)) 	
# makefile (from 'make_settings.mk', line 44)
TOOL_DIR = $(INSTALL_DIR)/bin
# environment
WINDOWS_TRACING_FLAGS = 3
# environment
ELECTRON_NO_ATTACH_CONSOLE = 1
# makefile (from 'Makefile', line 43)
LDLSL = $(LDLSL_APPL)
# environment
DAS_HOME = C:\Program Files (x86)\DAS
# automatic
^F = $(notdir $^)
# default
SUFFIXES := 
# environment
SYSTEMDRIVE = C:
# environment
SESSIONNAME = Console
# environment
PROCESSOR_REVISION = 5e03
# environment
PICO_DRIVER = C:\Program Files\Vector_CANoe_CANalyzer_Scope\Drivers
# default
.RECIPEPREFIX := 
# environment
LANG = C
# environment
PROCESSOR_LEVEL = 6
# environment
VSCODE_PID = 9996
# environment
USERDOMAIN_ROAMINGPROFILE = O-FILM
# variable set hash-table stats:
# Load=129/1024=13%, Rehash=0, Collisions=34/193=18%

# Pattern-specific Variable Values

# No pattern-specific variable values.

# Directories

# . (key d:/Codes/c/socketdll, mtime 1649836359): 7 files, no impossibilities.

# 7 files, no impossibilities in 1 directories.

# Implicit Rules

# No implicit rules.

# Files

link: D:/Codes/c/socketdll/Build/Obj\main.exe
#  Implicit rule search has not been done.
#  Modification time never checked.
#  File has not been updated.

all: checkDirs compile link cpy
#  Command line target.
#  Implicit rule search has been done.
#  File does not exist.
#  File has been updated.
#  Needs to be updated (-q is set).
# variable set hash-table stats:
# Load=0/32=0%, Rehash=0, Collisions=0/13=0%

.PHONY: clr clean
#  Implicit rule search has not been done.
#  Modification time never checked.
#  File has not been updated.

# Not a target:
D:/Codes/c/socketdll/Build/Obj:
#  Implicit rule search has not been done.
#  Modification time never checked.
#  File has not been updated.

cpy:
#  Implicit rule search has not been done.
#  Modification time never checked.
#  File has not been updated.
#  recipe to execute (from 'Makefile', line 112):
	@mv $(OBJ_DIR)/$(IMAGE).exe $(GEN_DIR)/$(IMAGE).exe

# Not a target:
.SUFFIXES:
#  Implicit rule search has not been done.
#  Modification time never checked.
#  File has not been updated.

# Not a target:
Makefile:
#  Implicit rule search has been done.
#  Last modified 2022-04-14 10:06:15
#  File has been updated.
#  Successfully updated.

D:/Codes/c/socketdll/Build/Obj\main.exe: D:/Codes/c/socketdll/Build/Obj
#  Implicit rule search has not been done.
#  Modification time never checked.
#  File has not been updated.
#  recipe to execute (from 'Makefile', line 104):
	@echo "============================================================"
	@echo "            > link $(@F) with $(LDLSL) <                    "
	@echo "============================================================"
	$(subst \,/, $(CC) $(LDFLAGS) -o $(OBJ_DIR)/$(IMAGE).exe)

clr:
#  Phony target (prerequisite of .PHONY).
#  Implicit rule search has not been done.
#  File does not exist.
#  File has not been updated.
#  recipe to execute (from 'Makefile', line 91):
	$(RM) $(OBJ_DIR)/*.o
	$(RM) $(GEN_DIR)/*.exe

compile:
#  Implicit rule search has not been done.
#  Modification time never checked.
#  File has not been updated.
#  recipe to execute (from 'Makefile', line 97):
	for dir in $(MODULES); do \
	$(MAKE) -C $$dir -s ; \
	done
	

# Not a target:
.DEFAULT:
#  Implicit rule search has not been done.
#  Modification time never checked.
#  File has not been updated.

clean: clr
#  Phony target (prerequisite of .PHONY).
#  Implicit rule search has not been done.
#  File does not exist.
#  File has not been updated.

checkDirs:
#  Implicit rule search has not been done.
#  Implicit/static pattern stem: ''
#  File does not exist.
#  File has been updated.
#  Needs to be updated (-q is set).
# automatic
# @ := checkDirs
# automatic
# % := 
# automatic
# * := 
# automatic
# + := 
# automatic
# | := 
# automatic
# < := 
# automatic
# ^ := 
# automatic
# ? := 
# variable set hash-table stats:
# Load=8/32=25%, Rehash=0, Collisions=7/21=33%
#  recipe to execute (from 'Makefile', line 85):
	@[ -d $(OBJ_DIR) ] | mkdir -p $(OBJ_DIR)
	@[ -d $(GEN_DIR) ] | mkdir -p $(GEN_DIR)

# Not a target:
make_settings.mk:
#  Implicit rule search has been done.
#  Last modified 2022-04-14 09:55:09
#  File has been updated.
#  Successfully updated.

# files hash-table stats:
# Load=14/1024=1%, Rehash=0, Collisions=0/44=0%
# VPATH Search Paths

# No 'vpath' search paths.

# No general ('VPATH' variable) search path.

# strcache buffers: 1 (0) / strings = 19 / storage = 190 B / avg = 10 B
# current buf: size = 8162 B / used = 190 B / count = 19 / avg = 10 B

# strcache performance: lookups = 45 / hit rate = 57%
# hash-table stats:
# Load=19/8192=0%, Rehash=0, Collisions=1/45=2%
# Finished Make data base on Thu Apr 14 10:16:52 2022

 
